#
# There is insufficient memory for the Java Runtime Environment to continue.
# Native memory allocation (malloc) failed to allocate 32744 bytes for ChunkPool::allocate
# Possible reasons:
#   The system is out of physical RAM or swap space
#   The process is running with CompressedOops enabled, and the Java Heap may be blocking the growth of the native heap
# Possible solutions:
#   Reduce memory load on the system
#   Increase physical memory or swap space
#   Check if swap backing store is full
#   Decrease Java heap size (-Xmx/-Xms)
#   Decrease number of Java threads
#   Decrease Java thread stack sizes (-Xss)
#   Set larger code cache with -XX:ReservedCodeCacheSize=
#   JVM is running with Zero Based Compressed Oops mode in which the Java heap is
#     placed in the first 32GB address space. The Java Heap base address is the
#     maximum limit for the native heap growth. Please use -XX:HeapBaseMinAddress
#     to set the Java Heap base and to place the Java Heap above 32GB virtual address.
# This output file may be truncated or incomplete.
#
#  Out of Memory Error (allocation.cpp:272), pid=31872, tid=0x0000000000009678
#
# JRE version: Java(TM) SE Runtime Environment (8.0_202-b08) (build 1.8.0_202-b08)
# Java VM: Java HotSpot(TM) 64-Bit Server VM (25.202-b08 mixed mode windows-amd64 compressed oops)
# Failed to write core dump. Minidumps are not enabled by default on client versions of Windows
#

---------------  T H R E A D  ---------------

Current thread (0x000000001dae1800):  JavaThread "C1 CompilerThread8" daemon [_thread_in_native, id=38520, stack(0x000000001fee0000,0x000000001ffe0000)]

Stack: [0x000000001fee0000,0x000000001ffe0000]
[error occurred during error reporting (printing stack bounds), id 0xc0000005]

Native frames: (J=compiled Java code, j=interpreted, Vv=VM code, C=native code)


Current CompileTask:
C1: 237841 6744   !   1       org.apache.catalina.core.StandardWrapperValve::invoke (2665 bytes)


---------------  P R O C E S S  ---------------

Java Threads: ( => current thread )
  0x000000002402b800 JavaThread "DestroyJavaVM" [_thread_blocked, id=10664, stack(0x00000000024e0000,0x00000000025e0000)]
  0x0000000024037000 JavaThread "http-nio-8761-Acceptor" daemon [_thread_in_native, id=23908, stack(0x0000000028610000,0x0000000028710000)]
  0x0000000024036000 JavaThread "http-nio-8761-ClientPoller" daemon [_thread_in_native, id=35168, stack(0x0000000028510000,0x0000000028610000)]
  0x0000000024035800 JavaThread "http-nio-8761-exec-10" daemon [_thread_blocked, id=18052, stack(0x0000000028410000,0x0000000028510000)]
  0x0000000024037800 JavaThread "http-nio-8761-exec-9" daemon [_thread_blocked, id=13244, stack(0x0000000028310000,0x0000000028410000)]
  0x0000000024034800 JavaThread "http-nio-8761-exec-8" daemon [_thread_blocked, id=8292, stack(0x0000000028210000,0x0000000028310000)]
  0x0000000024034000 JavaThread "http-nio-8761-exec-7" daemon [_thread_blocked, id=28276, stack(0x0000000028110000,0x0000000028210000)]
  0x000000002402d000 JavaThread "http-nio-8761-exec-6" daemon [_thread_blocked, id=16416, stack(0x0000000028010000,0x0000000028110000)]
  0x0000000024030000 JavaThread "http-nio-8761-exec-5" daemon [_thread_blocked, id=27100, stack(0x0000000027f10000,0x0000000028010000)]
  0x0000000024033000 JavaThread "http-nio-8761-exec-4" daemon [_thread_blocked, id=7460, stack(0x0000000027e10000,0x0000000027f10000)]
  0x0000000024032800 JavaThread "http-nio-8761-exec-3" daemon [_thread_blocked, id=9228, stack(0x0000000027d10000,0x0000000027e10000)]
  0x0000000024031800 JavaThread "http-nio-8761-exec-2" daemon [_thread_blocked, id=27176, stack(0x0000000027c10000,0x0000000027d10000)]
  0x000000002402a000 JavaThread "http-nio-8761-exec-1" daemon [_thread_blocked, id=13912, stack(0x0000000027b10000,0x0000000027c10000)]
  0x000000002402c800 JavaThread "http-nio-8761-BlockPoller" daemon [_thread_in_native, id=37624, stack(0x0000000027a10000,0x0000000027b10000)]
  0x0000000024031000 JavaThread "Eureka-CacheFillTimer" daemon [_thread_blocked, id=37000, stack(0x0000000027810000,0x0000000027910000)]
  0x000000002402f800 JavaThread "Eureka-PeerNodesUpdater" daemon [_thread_blocked, id=16556, stack(0x0000000027710000,0x0000000027810000)]
  0x000000002402b000 JavaThread "TaskNonBatchingWorker-localhost-0" daemon [_thread_blocked, id=37620, stack(0x0000000027610000,0x0000000027710000)]
  0x000000002402e000 JavaThread "TaskAcceptor-localhost" daemon [_thread_blocked, id=38808, stack(0x0000000027510000,0x0000000027610000)]
  0x000000002402e800 JavaThread "TaskBatchingWorker-target_localhost-19" daemon [_thread_blocked, id=33184, stack(0x0000000027410000,0x0000000027510000)]
  0x0000000024014000 JavaThread "TaskBatchingWorker-target_localhost-18" daemon [_thread_blocked, id=11940, stack(0x0000000027310000,0x0000000027410000)]
  0x0000000024013800 JavaThread "TaskBatchingWorker-target_localhost-17" daemon [_thread_blocked, id=13916, stack(0x0000000027210000,0x0000000027310000)]
  0x0000000024012800 JavaThread "TaskBatchingWorker-target_localhost-16" daemon [_thread_blocked, id=37752, stack(0x0000000027110000,0x0000000027210000)]
  0x0000000024012000 JavaThread "TaskBatchingWorker-target_localhost-15" daemon [_thread_blocked, id=2756, stack(0x0000000027010000,0x0000000027110000)]
  0x0000000024011000 JavaThread "TaskBatchingWorker-target_localhost-14" daemon [_thread_blocked, id=29388, stack(0x0000000026f10000,0x0000000027010000)]
  0x0000000024010800 JavaThread "TaskBatchingWorker-target_localhost-13" daemon [_thread_blocked, id=27452, stack(0x0000000026e10000,0x0000000026f10000)]
  0x0000000024009000 JavaThread "TaskBatchingWorker-target_localhost-12" daemon [_thread_blocked, id=1480, stack(0x0000000026d10000,0x0000000026e10000)]
  0x000000002400f800 JavaThread "TaskBatchingWorker-target_localhost-11" daemon [_thread_blocked, id=23436, stack(0x0000000026c10000,0x0000000026d10000)]
  0x000000002400f000 JavaThread "TaskBatchingWorker-target_localhost-10" daemon [_thread_blocked, id=4352, stack(0x0000000026b10000,0x0000000026c10000)]
  0x0000000024007800 JavaThread "TaskBatchingWorker-target_localhost-9" daemon [_thread_blocked, id=32996, stack(0x0000000026a10000,0x0000000026b10000)]
  0x000000002400e000 JavaThread "TaskBatchingWorker-target_localhost-8" daemon [_thread_blocked, id=15828, stack(0x0000000026910000,0x0000000026a10000)]
  0x0000000024009800 JavaThread "TaskBatchingWorker-target_localhost-7" daemon [_thread_blocked, id=30456, stack(0x0000000026810000,0x0000000026910000)]
  0x000000002400d800 JavaThread "TaskBatchingWorker-target_localhost-6" daemon [_thread_blocked, id=35136, stack(0x0000000026710000,0x0000000026810000)]
  0x0000000024006000 JavaThread "TaskBatchingWorker-target_localhost-5" daemon [_thread_blocked, id=19800, stack(0x0000000026610000,0x0000000026710000)]
  0x0000000024008000 JavaThread "TaskBatchingWorker-target_localhost-4" daemon [_thread_blocked, id=5864, stack(0x0000000026510000,0x0000000026610000)]
  0x000000002400c800 JavaThread "TaskBatchingWorker-target_localhost-3" daemon [_thread_blocked, id=28620, stack(0x0000000026410000,0x0000000026510000)]
  0x0000000024005000 JavaThread "TaskBatchingWorker-target_localhost-2" daemon [_thread_blocked, id=1656, stack(0x0000000026310000,0x0000000026410000)]
  0x000000002400a800 JavaThread "TaskBatchingWorker-target_localhost-1" daemon [_thread_blocked, id=28616, stack(0x0000000026210000,0x0000000026310000)]
  0x000000002400b000 JavaThread "TaskBatchingWorker-target_localhost-0" daemon [_thread_blocked, id=24404, stack(0x0000000026110000,0x0000000026210000)]
  0x000000002400c000 JavaThread "StatsMonitor-0" daemon [_thread_blocked, id=16880, stack(0x0000000026010000,0x0000000026110000)]
  0x0000000024006800 JavaThread "TaskAcceptor-target_localhost" daemon [_thread_blocked, id=28696, stack(0x0000000025f10000,0x0000000026010000)]
  0x0000000023e1f000 JavaThread "Apache-HttpClient-Conn-Cleaner2" daemon [_thread_blocked, id=11600, stack(0x0000000025e10000,0x0000000025f10000)]
  0x0000000023e1f800 JavaThread "Eureka-MeasureRateTimer" daemon [_thread_blocked, id=10852, stack(0x0000000025b10000,0x0000000025c10000)]
  0x0000000023e1c800 JavaThread "ReplicaAwareInstanceRegistry - RenewalThresholdUpdater" daemon [_thread_blocked, id=27228, stack(0x0000000025a10000,0x0000000025b10000)]
  0x0000000023e1d000 JavaThread "Eureka-MeasureRateTimer" daemon [_thread_blocked, id=12880, stack(0x0000000025910000,0x0000000025a10000)]
  0x0000000023e1e000 JavaThread "Eureka-EvictionTimer" daemon [_thread_blocked, id=25108, stack(0x0000000025810000,0x0000000025910000)]
  0x0000000023eb4800 JavaThread "Eureka-DeltaRetentionTimer" daemon [_thread_blocked, id=32120, stack(0x0000000025710000,0x0000000025810000)]
  0x0000000023e4e800 JavaThread "File Watcher" daemon [_thread_blocked, id=17552, stack(0x0000000025610000,0x0000000025710000)]
  0x0000000023d4b000 JavaThread "spring.cloud.inetutils" daemon [_thread_blocked, id=18112, stack(0x0000000025310000,0x0000000025410000)]
  0x000000001dcce000 JavaThread "container-0" [_thread_blocked, id=34520, stack(0x0000000025010000,0x0000000025110000)]
  0x0000000023cbe000 JavaThread "Catalina-utility-2" [_thread_blocked, id=8360, stack(0x0000000022d40000,0x0000000022e40000)]
  0x000000001dccc000 JavaThread "Catalina-utility-1" [_thread_blocked, id=32632, stack(0x0000000022300000,0x0000000022400000)]
  0x000000001db64000 JavaThread "Service Thread" daemon [_thread_blocked, id=37744, stack(0x00000000203e0000,0x00000000204e0000)]
  0x000000001db1b800 JavaThread "C1 CompilerThread11" daemon [_thread_blocked, id=9572, stack(0x00000000201e0000,0x00000000202e0000)]
  0x000000001dafc000 JavaThread "C1 CompilerThread10" daemon [_thread_blocked, id=10164, stack(0x00000000200e0000,0x00000000201e0000)]
  0x000000001daea800 JavaThread "C1 CompilerThread9" daemon [_thread_blocked, id=37044, stack(0x000000001ffe0000,0x00000000200e0000)]
=>0x000000001dae1800 JavaThread "C1 CompilerThread8" daemon [_thread_in_native, id=38520, stack(0x000000001fee0000,0x000000001ffe0000)]
  0x000000001dad6000 JavaThread "C2 CompilerThread7" daemon [_thread_blocked, id=36012, stack(0x000000001fde0000,0x000000001fee0000)]
  0x000000001dab3800 JavaThread "C2 CompilerThread6" daemon [_thread_blocked, id=36328, stack(0x000000001fce0000,0x000000001fde0000)]
  0x000000001daa5800 JavaThread "C2 CompilerThread5" daemon [_thread_blocked, id=29124, stack(0x000000001fbe0000,0x000000001fce0000)]
  0x000000001da97800 JavaThread "C2 CompilerThread4" daemon [_thread_blocked, id=32308, stack(0x000000001fae0000,0x000000001fbe0000)]
  0x000000001da95000 JavaThread "C2 CompilerThread3" daemon [_thread_blocked, id=14164, stack(0x000000001f9e0000,0x000000001fae0000)]
  0x000000001da92000 JavaThread "C2 CompilerThread2" daemon [_thread_blocked, id=21488, stack(0x000000001f8e0000,0x000000001f9e0000)]
  0x000000001da91800 JavaThread "C2 CompilerThread1" daemon [_thread_blocked, id=21960, stack(0x000000001f7e0000,0x000000001f8e0000)]
  0x000000001da90000 JavaThread "C2 CompilerThread0" daemon [_thread_blocked, id=7736, stack(0x000000001f6e0000,0x000000001f7e0000)]
  0x000000001da8e800 JavaThread "Attach Listener" daemon [_thread_blocked, id=31192, stack(0x000000001f5e0000,0x000000001f6e0000)]
  0x000000001da8c000 JavaThread "Signal Dispatcher" daemon [_thread_blocked, id=14656, stack(0x000000001f4e0000,0x000000001f5e0000)]
  0x000000001c01a000 JavaThread "Finalizer" daemon [_thread_blocked, id=856, stack(0x000000001f2e0000,0x000000001f3e0000)]
  0x000000001da76000 JavaThread "Reference Handler" daemon [_thread_blocked, id=13560, stack(0x000000001f1e0000,0x000000001f2e0000)]

Other Threads:
  0x000000001da55000 VMThread [stack: 0x000000001f0e0000,0x000000001f1e0000] [id=30192]
  0x000000001db8d800 WatcherThread [stack: 0x00000000204e0000,0x00000000205e0000] [id=12300]

VM state:not at safepoint (normal execution)

VM Mutex/Monitor currently owned by a thread: None

heap address: 0x00000006cce00000, size: 3890 MB, Compressed Oops mode: Zero based, Oop shift amount: 3
Narrow klass base: 0x0000000000000000, Narrow klass shift: 3
Compressed class space size: 1073741824 Address: 0x00000007c0000000

Heap:
 PSYoungGen      total 346112K, used 86052K [0x000000076ef80000, 0x0000000787b00000, 0x00000007c0000000)
  eden space 326656K, 20% used [0x000000076ef80000,0x000000077308aee0,0x0000000782e80000)
  from space 19456K, 99% used [0x0000000784580000,0x000000078587e410,0x0000000785880000)
  to   space 23552K, 0% used [0x0000000782e80000,0x0000000782e80000,0x0000000784580000)
 ParOldGen       total 158720K, used 26982K [0x00000006cce00000, 0x00000006d6900000, 0x000000076ef80000)
  object space 158720K, 17% used [0x00000006cce00000,0x00000006ce8599d8,0x00000006d6900000)
 Metaspace       used 51041K, capacity 54339K, committed 54528K, reserved 1095680K
  class space    used 7267K, capacity 7840K, committed 7936K, reserved 1048576K

Card table byte_map: [0x0000000011b30000,0x00000000122d0000] byte_map_base: 0x000000000e4c9000

Marking Bits: (ParMarkBitMap*) 0x0000000059045ce0
 Begin Bits: [0x00000000134f0000, 0x00000000171b8000)
 End Bits:   [0x00000000171b8000, 0x000000001ae80000)

Polling page: 0x0000000000b60000

CodeCache: size=245760Kb used=13649Kb max_used=13649Kb free=232110Kb
 bounds [0x0000000002770000, 0x00000000034d0000, 0x0000000011770000]
 total_blobs=7121 nmethods=6591 adapters=438
 compilation: enabled

Compilation events (10 events):
Event: 237.820 Thread 0x000000001dafc000 6745   !   1       org.apache.catalina.core.StandardWrapper::allocate (413 bytes)
Event: 237.820 Thread 0x000000001db1b800 nmethod 6741 0x00000000034c00d0 code [0x00000000034c0260, 0x00000000034c0568]
Event: 237.820 Thread 0x000000001db1b800 6746       1       com.sun.jersey.spi.container.servlet.ServletContainer::doFilter (136 bytes)
Event: 237.821 Thread 0x000000001db1b800 nmethod 6746 0x00000000034c07d0 code [0x00000000034c0a20, 0x00000000034c10b8]
Event: 237.821 Thread 0x000000001db1b800 6747       1       org.apache.catalina.connector.Request::getServerPort (8 bytes)
Event: 237.821 Thread 0x000000001db1b800 nmethod 6747 0x00000000034c1550 code [0x00000000034c16a0, 0x00000000034c17b0]
Event: 237.821 Thread 0x000000001db1b800 6748       1       com.sun.jersey.api.uri.UriComponent::contextualEncode (8 bytes)
Event: 237.821 Thread 0x000000001db1b800 nmethod 6748 0x00000000034c1850 code [0x00000000034c19a0, 0x00000000034c1aa8]
Event: 237.822 Thread 0x000000001dafc000 nmethod 6745 0x00000000034c1b10 code [0x00000000034c1e40, 0x00000000034c33b8]
Event: 237.822 Thread 0x000000001daea800 nmethod 6743 0x00000000034c4c50 code [0x00000000034c4fe0, 0x00000000034c62b8]

GC Heap History (10 events):
Event: 1.166 GC heap before
{Heap before GC invocations=4 (full 1):
 PSYoungGen      total 135168K, used 10236K [0x000000076ef80000, 0x000000077f780000, 0x00000007c0000000)
  eden space 124928K, 0% used [0x000000076ef80000,0x000000076ef80000,0x0000000776980000)
  from space 10240K, 99% used [0x0000000776980000,0x000000077737f030,0x0000000777380000)
  to   space 10240K, 0% used [0x000000077ed80000,0x000000077ed80000,0x000000077f780000)
 ParOldGen       total 166912K, used 322K [0x00000006cce00000, 0x00000006d7100000, 0x000000076ef80000)
  object space 166912K, 0% used [0x00000006cce00000,0x00000006cce50ae8,0x00000006d7100000)
 Metaspace       used 20250K, capacity 21144K, committed 21296K, reserved 1067008K
  class space    used 2711K, capacity 2924K, committed 2944K, reserved 1048576K
Event: 1.181 GC heap after
Heap after GC invocations=4 (full 1):
 PSYoungGen      total 135168K, used 0K [0x000000076ef80000, 0x000000077f780000, 0x00000007c0000000)
  eden space 124928K, 0% used [0x000000076ef80000,0x000000076ef80000,0x0000000776980000)
  from space 10240K, 0% used [0x0000000776980000,0x0000000776980000,0x0000000777380000)
  to   space 10240K, 0% used [0x000000077ed80000,0x000000077ed80000,0x000000077f780000)
 ParOldGen       total 93696K, used 10116K [0x00000006cce00000, 0x00000006d2980000, 0x000000076ef80000)
  object space 93696K, 10% used [0x00000006cce00000,0x00000006cd7e11e8,0x00000006d2980000)
 Metaspace       used 20250K, capacity 21144K, committed 21296K, reserved 1067008K
  class space    used 2711K, capacity 2924K, committed 2944K, reserved 1048576K
}
Event: 1.745 GC heap before
{Heap before GC invocations=5 (full 1):
 PSYoungGen      total 135168K, used 124928K [0x000000076ef80000, 0x000000077f780000, 0x00000007c0000000)
  eden space 124928K, 100% used [0x000000076ef80000,0x0000000776980000,0x0000000776980000)
  from space 10240K, 0% used [0x0000000776980000,0x0000000776980000,0x0000000777380000)
  to   space 10240K, 0% used [0x000000077ed80000,0x000000077ed80000,0x000000077f780000)
 ParOldGen       total 93696K, used 10116K [0x00000006cce00000, 0x00000006d2980000, 0x000000076ef80000)
  object space 93696K, 10% used [0x00000006cce00000,0x00000006cd7e11e8,0x00000006d2980000)
 Metaspace       used 25466K, capacity 26842K, committed 27008K, reserved 1073152K
  class space    used 3555K, capacity 3845K, committed 3968K, reserved 1048576K
Event: 1.751 GC heap after
Heap after GC invocations=5 (full 1):
 PSYoungGen      total 215552K, used 10218K [0x000000076ef80000, 0x000000077f780000, 0x00000007c0000000)
  eden space 205312K, 0% used [0x000000076ef80000,0x000000076ef80000,0x000000077b800000)
  from space 10240K, 99% used [0x000000077ed80000,0x000000077f77aa48,0x000000077f780000)
  to   space 10240K, 0% used [0x000000077e380000,0x000000077e380000,0x000000077ed80000)
 ParOldGen       total 93696K, used 11636K [0x00000006cce00000, 0x00000006d2980000, 0x000000076ef80000)
  object space 93696K, 12% used [0x00000006cce00000,0x00000006cd95d2a8,0x00000006d2980000)
 Metaspace       used 25466K, capacity 26842K, committed 27008K, reserved 1073152K
  class space    used 3555K, capacity 3845K, committed 3968K, reserved 1048576K
}
Event: 2.752 GC heap before
{Heap before GC invocations=6 (full 1):
 PSYoungGen      total 215552K, used 178348K [0x000000076ef80000, 0x000000077f780000, 0x00000007c0000000)
  eden space 205312K, 81% used [0x000000076ef80000,0x00000007793b0968,0x000000077b800000)
  from space 10240K, 99% used [0x000000077ed80000,0x000000077f77aa48,0x000000077f780000)
  to   space 10240K, 0% used [0x000000077e380000,0x000000077e380000,0x000000077ed80000)
 ParOldGen       total 93696K, used 11636K [0x00000006cce00000, 0x00000006d2980000, 0x000000076ef80000)
  object space 93696K, 12% used [0x00000006cce00000,0x00000006cd95d2a8,0x00000006d2980000)
 Metaspace       used 33336K, capacity 35410K, committed 35496K, reserved 1079296K
  class space    used 4666K, capacity 5070K, committed 5120K, reserved 1048576K
Event: 2.763 GC heap after
Heap after GC invocations=6 (full 1):
 PSYoungGen      total 260096K, used 10225K [0x000000076ef80000, 0x0000000785880000, 0x00000007c0000000)
  eden space 249856K, 0% used [0x000000076ef80000,0x000000076ef80000,0x000000077e380000)
  from space 10240K, 99% used [0x000000077e380000,0x000000077ed7c700,0x000000077ed80000)
  to   space 19456K, 0% used [0x0000000784580000,0x0000000784580000,0x0000000785880000)
 ParOldGen       total 93696K, used 22341K [0x00000006cce00000, 0x00000006d2980000, 0x000000076ef80000)
  object space 93696K, 23% used [0x00000006cce00000,0x00000006ce3d1678,0x00000006d2980000)
 Metaspace       used 33336K, capacity 35410K, committed 35496K, reserved 1079296K
  class space    used 4666K, capacity 5070K, committed 5120K, reserved 1048576K
}
Event: 2.763 GC heap before
{Heap before GC invocations=7 (full 2):
 PSYoungGen      total 260096K, used 10225K [0x000000076ef80000, 0x0000000785880000, 0x00000007c0000000)
  eden space 249856K, 0% used [0x000000076ef80000,0x000000076ef80000,0x000000077e380000)
  from space 10240K, 99% used [0x000000077e380000,0x000000077ed7c700,0x000000077ed80000)
  to   space 19456K, 0% used [0x0000000784580000,0x0000000784580000,0x0000000785880000)
 ParOldGen       total 93696K, used 22341K [0x00000006cce00000, 0x00000006d2980000, 0x000000076ef80000)
  object space 93696K, 23% used [0x00000006cce00000,0x00000006ce3d1678,0x00000006d2980000)
 Metaspace       used 33336K, capacity 35410K, committed 35496K, reserved 1079296K
  class space    used 4666K, capacity 5070K, committed 5120K, reserved 1048576K
Event: 2.812 GC heap after
Heap after GC invocations=7 (full 2):
 PSYoungGen      total 260096K, used 0K [0x000000076ef80000, 0x0000000785880000, 0x00000007c0000000)
  eden space 249856K, 0% used [0x000000076ef80000,0x000000076ef80000,0x000000077e380000)
  from space 10240K, 0% used [0x000000077e380000,0x000000077e380000,0x000000077ed80000)
  to   space 19456K, 0% used [0x0000000784580000,0x0000000784580000,0x0000000785880000)
 ParOldGen       total 158720K, used 25018K [0x00000006cce00000, 0x00000006d6900000, 0x000000076ef80000)
  object space 158720K, 15% used [0x00000006cce00000,0x00000006ce66ea68,0x00000006d6900000)
 Metaspace       used 33336K, capacity 35410K, committed 35496K, reserved 1079296K
  class space    used 4666K, capacity 5070K, committed 5120K, reserved 1048576K
}
Event: 6.773 GC heap before
{Heap before GC invocations=8 (full 2):
 PSYoungGen      total 260096K, used 249856K [0x000000076ef80000, 0x0000000785880000, 0x00000007c0000000)
  eden space 249856K, 100% used [0x000000076ef80000,0x000000077e380000,0x000000077e380000)
  from space 10240K, 0% used [0x000000077e380000,0x000000077e380000,0x000000077ed80000)
  to   space 19456K, 0% used [0x0000000784580000,0x0000000784580000,0x0000000785880000)
 ParOldGen       total 158720K, used 25018K [0x00000006cce00000, 0x00000006d6900000, 0x000000076ef80000)
  object space 158720K, 15% used [0x00000006cce00000,0x00000006ce66ea68,0x00000006d6900000)
 Metaspace       used 48891K, capacity 52066K, committed 52352K, reserved 1093632K
  class space    used 6931K, capacity 7497K, committed 7552K, reserved 1048576K
Event: 6.786 GC heap after
Heap after GC invocations=8 (full 2):
 PSYoungGen      total 346112K, used 19449K [0x000000076ef80000, 0x0000000787b00000, 0x00000007c0000000)
  eden space 326656K, 0% used [0x000000076ef80000,0x000000076ef80000,0x0000000782e80000)
  from space 19456K, 99% used [0x0000000784580000,0x000000078587e410,0x0000000785880000)
  to   space 23552K, 0% used [0x0000000782e80000,0x0000000782e80000,0x0000000784580000)
 ParOldGen       total 158720K, used 26982K [0x00000006cce00000, 0x00000006d6900000, 0x000000076ef80000)
  object space 158720K, 17% used [0x00000006cce00000,0x00000006ce8599d8,0x00000006d6900000)
 Metaspace       used 48891K, capacity 52066K, committed 52352K, reserved 1093632K
  class space    used 6931K, capacity 7497K, committed 7552K, reserved 1048576K
}

Deoptimization events (0 events):
No events

Classes redefined (0 events):
No events

Internal exceptions (10 events):
Event: 211.115 Thread 0x0000000024005000 Exception <a 'java/net/SocketTimeoutException': Read timed out> (0x000000076feb2ee0) thrown at [C:\re\workspace\8-2-build-windows-amd64-cygwin\jdk8u202\12323\hotspot\src\share\vm\prims\jni.cpp, line 736]
Event: 211.845 Thread 0x0000000024010800 Exception <a 'java/net/SocketTimeoutException': Read timed out> (0x000000076fb065f8) thrown at [C:\re\workspace\8-2-build-windows-amd64-cygwin\jdk8u202\12323\hotspot\src\share\vm\prims\jni.cpp, line 736]
Event: 213.768 Thread 0x0000000024010800 Exception <a 'java/net/SocketTimeoutException': Read timed out> (0x000000076fb0e7d8) thrown at [C:\re\workspace\8-2-build-windows-amd64-cygwin\jdk8u202\12323\hotspot\src\share\vm\prims\jni.cpp, line 736]
Event: 216.952 Thread 0x0000000024012800 Exception <a 'java/net/SocketTimeoutException': Read timed out> (0x000000077000fd88) thrown at [C:\re\workspace\8-2-build-windows-amd64-cygwin\jdk8u202\12323\hotspot\src\share\vm\prims\jni.cpp, line 736]
Event: 220.101 Thread 0x0000000024005000 Exception <a 'java/net/SocketTimeoutException': Read timed out> (0x000000076fec1258) thrown at [C:\re\workspace\8-2-build-windows-amd64-cygwin\jdk8u202\12323\hotspot\src\share\vm\prims\jni.cpp, line 736]
Event: 222.163 Thread 0x000000002400f000 Exception <a 'java/net/SocketTimeoutException': Read timed out> (0x000000076fcc9058) thrown at [C:\re\workspace\8-2-build-windows-amd64-cygwin\jdk8u202\12323\hotspot\src\share\vm\prims\jni.cpp, line 736]
Event: 226.309 Thread 0x000000002400e000 Exception <a 'java/net/SocketTimeoutException': Read timed out> (0x0000000770470f98) thrown at [C:\re\workspace\8-2-build-windows-amd64-cygwin\jdk8u202\12323\hotspot\src\share\vm\prims\jni.cpp, line 736]
Event: 227.232 Thread 0x000000002400e000 Exception <a 'java/net/SocketTimeoutException': Read timed out> (0x000000077047f210) thrown at [C:\re\workspace\8-2-build-windows-amd64-cygwin\jdk8u202\12323\hotspot\src\share\vm\prims\jni.cpp, line 736]
Event: 230.358 Thread 0x0000000024008000 Exception <a 'java/net/SocketTimeoutException': Read timed out> (0x000000076f9987c0) thrown at [C:\re\workspace\8-2-build-windows-amd64-cygwin\jdk8u202\12323\hotspot\src\share\vm\prims\jni.cpp, line 736]
Event: 233.940 Thread 0x0000000024012800 Exception <a 'java/net/SocketTimeoutException': Read timed out> (0x0000000770018148) thrown at [C:\re\workspace\8-2-build-windows-amd64-cygwin\jdk8u202\12323\hotspot\src\share\vm\prims\jni.cpp, line 736]

Events (10 events):
Event: 139.758 Executing VM operation: RevokeBias
Event: 139.758 Executing VM operation: RevokeBias done
Event: 166.668 Executing VM operation: RevokeBias
Event: 166.668 Executing VM operation: RevokeBias done
Event: 177.545 Executing VM operation: RevokeBias
Event: 177.545 Executing VM operation: RevokeBias done
Event: 190.079 Executing VM operation: RevokeBias
Event: 190.079 Executing VM operation: RevokeBias done
Event: 225.366 Executing VM operation: RevokeBias
Event: 225.366 Executing VM operation: RevokeBias done


Dynamic libraries:
0x00007ff7fc440000 - 0x00007ff7fc477000 	C:\Program Files\Java\jdk1.8.0_202\jre\bin\java.exe
0x00007ffbd3cb0000 - 0x00007ffbd3ec7000 	C:\Windows\SYSTEM32\ntdll.dll
0x00007ffbd22d0000 - 0x00007ffbd2394000 	C:\Windows\System32\KERNEL32.DLL
0x00007ffbd13c0000 - 0x00007ffbd176d000 	C:\Windows\System32\KERNELBASE.dll
0x00007ffbd3b80000 - 0x00007ffbd3c32000 	C:\Windows\System32\ADVAPI32.dll
0x00007ffbd1cc0000 - 0x00007ffbd1d67000 	C:\Windows\System32\msvcrt.dll
0x00007ffbd1d70000 - 0x00007ffbd1e19000 	C:\Windows\System32\sechost.dll
0x00007ffbd1390000 - 0x00007ffbd13b8000 	C:\Windows\System32\bcrypt.dll
0x00007ffbd1ba0000 - 0x00007ffbd1cb4000 	C:\Windows\System32\RPCRT4.dll
0x00007ffbd24d0000 - 0x00007ffbd267e000 	C:\Windows\System32\USER32.dll
0x00007ffbd0fa0000 - 0x00007ffbd0fc6000 	C:\Windows\System32\win32u.dll
0x00007ffbd1e20000 - 0x00007ffbd1e49000 	C:\Windows\System32\GDI32.dll
0x00007ffbd1770000 - 0x00007ffbd1889000 	C:\Windows\System32\gdi32full.dll
0x00007ffbd1050000 - 0x00007ffbd10ea000 	C:\Windows\System32\msvcp_win.dll
0x00007ffbd1890000 - 0x00007ffbd19a1000 	C:\Windows\System32\ucrtbase.dll
0x00007ffbb41e0000 - 0x00007ffbb4473000 	C:\Windows\WinSxS\amd64_microsoft.windows.common-controls_6595b64144ccf1df_6.0.22621.3672_none_2713b9d173822955\COMCTL32.dll
0x00007ffbd2400000 - 0x00007ffbd2431000 	C:\Windows\System32\IMM32.DLL
0x0000000059570000 - 0x0000000059642000 	C:\Program Files\Java\jdk1.8.0_202\jre\bin\msvcr100.dll
0x0000000058820000 - 0x00000000590c5000 	C:\Program Files\Java\jdk1.8.0_202\jre\bin\server\jvm.dll
0x00007ffbd33a0000 - 0x00007ffbd33a8000 	C:\Windows\System32\PSAPI.DLL
0x00007ffbc1030000 - 0x00007ffbc1039000 	C:\Windows\SYSTEM32\WSOCK32.dll
0x00007ffbd1a20000 - 0x00007ffbd1a91000 	C:\Windows\System32\WS2_32.dll
0x00007ffbc9ad0000 - 0x00007ffbc9ada000 	C:\Windows\SYSTEM32\VERSION.dll
0x00007ffbcbf00000 - 0x00007ffbcbf34000 	C:\Windows\SYSTEM32\WINMM.dll
0x00007ffbc0f70000 - 0x00007ffbc0f7f000 	C:\Program Files\Java\jdk1.8.0_202\jre\bin\verify.dll
0x00007ffbbf8d0000 - 0x00007ffbbf8f9000 	C:\Program Files\Java\jdk1.8.0_202\jre\bin\java.dll
0x00007ffbac670000 - 0x00007ffbac686000 	C:\Program Files\Java\jdk1.8.0_202\jre\bin\zip.dll
0x00007ffbd2b30000 - 0x00007ffbd3398000 	C:\Windows\System32\SHELL32.dll
0x00007ffbceea0000 - 0x00007ffbcf79e000 	C:\Windows\SYSTEM32\windows.storage.dll
0x00007ffbd3440000 - 0x00007ffbd37cd000 	C:\Windows\System32\combase.dll
0x00007ffbced60000 - 0x00007ffbcee9f000 	C:\Windows\SYSTEM32\wintypes.dll
0x00007ffbd1aa0000 - 0x00007ffbd1b99000 	C:\Windows\System32\SHCORE.dll
0x00007ffbd2680000 - 0x00007ffbd26de000 	C:\Windows\System32\shlwapi.dll
0x00007ffbd0ed0000 - 0x00007ffbd0ef1000 	C:\Windows\SYSTEM32\profapi.dll
0x00007ffbac650000 - 0x00007ffbac66a000 	C:\Program Files\Java\jdk1.8.0_202\jre\bin\net.dll
0x00007ffbb03a0000 - 0x00007ffbb0590000 	C:\Windows\SYSTEM32\urlmon.dll
0x00007ffbb1460000 - 0x00007ffbb1488000 	C:\Windows\SYSTEM32\srvcli.dll
0x00007ffbb00e0000 - 0x00007ffbb039e000 	C:\Windows\SYSTEM32\iertutil.dll
0x00007ffbcfb20000 - 0x00007ffbcfb2c000 	C:\Windows\SYSTEM32\netutils.dll
0x00007ffbd03f0000 - 0x00007ffbd0459000 	C:\Windows\system32\mswsock.dll
0x00007ffbcf9f0000 - 0x00007ffbcfa1d000 	C:\Windows\SYSTEM32\IPHLPAPI.DLL
0x00007ffbd24c0000 - 0x00007ffbd24c9000 	C:\Windows\System32\NSI.dll
0x00007ffbcd500000 - 0x00007ffbcd519000 	C:\Windows\SYSTEM32\dhcpcsvc6.DLL
0x00007ffbcd4e0000 - 0x00007ffbcd4ff000 	C:\Windows\SYSTEM32\dhcpcsvc.DLL
0x00007ffbcfa20000 - 0x00007ffbcfb18000 	C:\Windows\SYSTEM32\DNSAPI.dll
0x00007ffbcc660000 - 0x00007ffbcc66a000 	C:\Windows\System32\rasadhlp.dll
0x00007ffbcc8d0000 - 0x00007ffbcc953000 	C:\Windows\System32\fwpuclnt.dll
0x00007ffbbf940000 - 0x00007ffbbf94d000 	C:\Program Files\Java\jdk1.8.0_202\jre\bin\management.dll
0x00007ffbb14a0000 - 0x00007ffbb14b7000 	C:\Windows\system32\napinsp.dll
0x00007ffbb05c0000 - 0x00007ffbb05db000 	C:\Windows\system32\pnrpnsp.dll
0x00007ffbb05a0000 - 0x00007ffbb05b1000 	C:\Windows\System32\winrnr.dll
0x00007ffbaf840000 - 0x00007ffbaf855000 	C:\Windows\system32\wshbth.dll
0x00007ffbaf810000 - 0x00007ffbaf837000 	C:\Windows\system32\nlansp_c.dll
0x00007ffbac630000 - 0x00007ffbac642000 	C:\Program Files\Java\jdk1.8.0_202\jre\bin\nio.dll
0x00007ffbd0690000 - 0x00007ffbd06ab000 	C:\Windows\SYSTEM32\CRYPTSP.dll
0x00007ffbcfef0000 - 0x00007ffbcff25000 	C:\Windows\system32\rsaenh.dll
0x00007ffbd0490000 - 0x00007ffbd04b8000 	C:\Windows\SYSTEM32\USERENV.dll
0x00007ffbd0fd0000 - 0x00007ffbd104b000 	C:\Windows\System32\bcryptprimitives.dll
0x00007ffbd0600000 - 0x00007ffbd060c000 	C:\Windows\SYSTEM32\CRYPTBASE.dll
0x00007ffbac600000 - 0x00007ffbac624000 	C:\Program Files\Java\jdk1.8.0_202\jre\bin\sunec.dll

VM Arguments:
jvm_args: -Xverify:none -XX:TieredStopAtLevel=1 
java_command: com.example.server.EurekaServerApplication
java_class_path (initial): E:\Spring Boot Program\PROJECTS\BankingAPI\BankingAPI\Banking\Eureka Server\target\classes;C:\Users\him32\.m2\repository\ch\qos\logback\logback-classic\1.2.3\logback-classic-1.2.3.jar;C:\Users\him32\.m2\repository\ch\qos\logback\logback-core\1.2.3\logback-core-1.2.3.jar;C:\Users\him32\.m2\repository\org\apache\logging\log4j\log4j-to-slf4j\2.14.1\log4j-to-slf4j-2.14.1.jar;C:\Users\him32\.m2\repository\org\apache\logging\log4j\log4j-api\2.14.1\log4j-api-2.14.1.jar;C:\Users\him32\.m2\repository\org\slf4j\jul-to-slf4j\1.7.30\jul-to-slf4j-1.7.30.jar;C:\Users\him32\.m2\repository\jakarta\annotation\jakarta.annotation-api\1.3.5\jakarta.annotation-api-1.3.5.jar;C:\Users\him32\.m2\repository\org\yaml\snakeyaml\1.28\snakeyaml-1.28.jar;C:\Users\him32\.m2\repository\com\fasterxml\jackson\core\jackson-databind\2.12.3\jackson-databind-2.12.3.jar;C:\Users\him32\.m2\repository\com\fasterxml\jackson\core\jackson-annotations\2.12.3\jackson-annotations-2.12.3.jar;C:\Users\him32\.m2\repository\com\fasterxml\jackson\core\jackson-core\2.12.3\jackson-core-2.12.3.jar;C:\Users\him32\.m2\repository\com\fasterxml\jackson\datatype\jackson-datatype-jdk8\2.12.3\jackson-datatype-jdk8-2.12.3.jar;C:\Users\him32\.m2\repository\com\fasterxml\jackson\datatype\jackson-datatype-jsr310\2.12.3\jackson-datatype-jsr310-2.12.3.jar;C:\Users\him32\.m2\repository\com\fasterxml\jackson\module\jackson-module-parameter-names\2.12.3\jackson-module-parameter-names-2.12.3.jar;C:\Users\him32\.m2\repository\org\apache\tomcat\embed\tomcat-embed-core\9.0.46\tomcat-embed-core-9.0.46.jar;C:\Users\him32\.m2\repository\org\apache\tomcat\embed\tomcat-embed-el\9.0.46\tomcat-embed-el-9.0.46.jar;C:\Users\him32\.m2\repository\org\apache\tomcat\embed\tomcat-embed-websocket\9.0.46\tomcat-embed-websocket-9.0.46.jar;C:\Users\him32\.m2\repository\org\springframework\spring-web\5.3.8\spring-web-5.3.8.jar;C:\Users\him32\.m2\repository\org\springframework\spring-beans\5.3.8\spring-beans-5.3.8.jar;C:\Users\him
Launcher Type: SUN_STANDARD

Environment Variables:
JAVA_HOME=C:\Program Files\Java\jdk1.8.0_202
CLASSPATH=C:\Oracle\Middleware\wlserver_12.1\server\lib\weblogic.jar;C:\oraclexe\app\oracle\product\10.2.0\server\jdbc\lib\ojdbc14.jar;D:\webservices\WEB-INF\lib\webservices.jar;
PATH=C:\Users\him32\AppData\Local\flutter\bin;C:\Program Files\Common Files\Oracle\Java\javapath;C:\Program Files (x86)\Common Files\Oracle\Java\java8path;C:\Program Files (x86)\Common Files\Oracle\Java\javapath;C:\oraclexe\app\oracle\product\10.2.0\server\bin;C:\Windows\system32;C:\Windows;C:\Windows\System32\Wbem;C:\Windows\System32\WindowsPowerShell\v1.0\;C:\Windows\System32\OpenSSH\;C:\Program Files (x86)\NVIDIA Corporation\PhysX\Common;C:\Program Files\NVIDIA Corporation\NVIDIA NvDLISR;C:\Program Files\Java\jre-1.8\bin;C:\Program Files\Java\jdk1.8.0_202\bin;C:\oraclexe\app\oracle\product\10.2.0\server\jdbc\lib;C:\Program Files\dotnet\;C:\Oracle\Middleware\jdk160_29\bin;C:\Program Files (x86)\Windows Kits\10\Windows Performance Toolkit\;E:\RemoteMethodInvocation\my;E:\Spring Boot Program\spring-1.5.8.RELEASE\bin;C:\Program Files\Git\cmd;C:\Program Files\MySQL\MySQL Server 8.0\bin;C:\Program Files\MySQL\MySQL Shell 8.0\bin\;C:\Program Files\Java\jdk1.8.0_202\bin;C:\Program Files\apache-maven-3.6.3\bin;C:\Users\him32\AppData\Local\Microsoft\WindowsApps;C:\Program Files\JetBrains\IntelliJ IDEA Community Edition 2023.1.4\bin;;C:\Users\him32\AppData\Local\Programs\Microsoft VS Code\bin;C:\Users\him32\AppData\Local\GitHubDesktop\bin
USERNAME=him32
OS=Windows_NT
PROCESSOR_IDENTIFIER=AMD64 Family 25 Model 68 Stepping 1, AuthenticAMD



---------------  S Y S T E M  ---------------

OS: Windows 10.0 , 64 bit Build 22621 (10.0.22621.3958)

CPU:total 16 (initial active 16) (16 cores per cpu, 1 threads per core) family 25 model 68 stepping 1, cmov, cx8, fxsr, mmx, sse, sse2, sse3, ssse3, sse4.1, sse4.2, popcnt, avx, avx2, aes, clmul, erms, mmxext, 3dnowpref, lzcnt, sse4a, tsc, tscinvbit, tscinv, bmi1

Memory: 4k page, physical 15930400k(1908992k free), swap 44235232k(860k free)

vm_info: Java HotSpot(TM) 64-Bit Server VM (25.202-b08) for windows-amd64 JRE (1.8.0_202-b08), built on Dec 15 2018 19:54:30 by "java_re" with MS VC++ 10.0 (VS2010)

time: Fri Aug 23 00:45:03 2024
timezone: India Standard Time
elapsed time: 237 seconds (0d 0h 3m 57s)

